2022-10-27 15:37:21,095 INFO  [restartedMain] com.neb.SpringbootStudyApplication:Starting SpringbootStudyApplication using Java 11.0.15 on DESKTOP-J87EGOD with PID 15320 (C:\Users\ilhan\OneDrive\Desktop\Spring\springboot-study\target\classes started by ilhan in C:\Users\ilhan\OneDrive\Desktop\Spring\springboot-study)
2022-10-27 15:37:21,108 DEBUG [restartedMain] com.neb.SpringbootStudyApplication:Running with Spring Boot v2.7.4, Spring v5.3.23
2022-10-27 15:37:21,109 INFO  [restartedMain] com.neb.SpringbootStudyApplication:No active profile set, falling back to 1 default profile: "default"
2022-10-27 15:37:21,228 INFO  [restartedMain] org.springframework.boot.devtools.env.DevToolsPropertyDefaultsPostProcessor:Devtools property defaults active! Set 'spring.devtools.add-properties' to 'false' to disable
2022-10-27 15:37:21,229 INFO  [restartedMain] org.springframework.boot.devtools.env.DevToolsPropertyDefaultsPostProcessor:For additional web related logging consider setting the 'logging.level.web' property to 'DEBUG'
2022-10-27 15:37:22,863 INFO  [restartedMain] org.springframework.data.repository.config.RepositoryConfigurationDelegate:Bootstrapping Spring Data JPA repositories in DEFAULT mode.
2022-10-27 15:37:22,997 INFO  [restartedMain] org.springframework.data.repository.config.RepositoryConfigurationDelegate:Finished Spring Data repository scanning in 114 ms. Found 1 JPA repository interfaces.
2022-10-27 15:37:23,971 INFO  [restartedMain] org.springframework.boot.web.embedded.tomcat.TomcatWebServer:Tomcat initialized with port(s): 8080 (http)
2022-10-27 15:37:23,990 INFO  [restartedMain] org.apache.catalina.core.StandardService:Starting service [Tomcat]
2022-10-27 15:37:23,991 INFO  [restartedMain] org.apache.catalina.core.StandardEngine:Starting Servlet engine: [Apache Tomcat/9.0.65]
2022-10-27 15:37:24,162 INFO  [restartedMain] org.apache.catalina.core.ContainerBase.[Tomcat].[localhost].[/]:Initializing Spring embedded WebApplicationContext
2022-10-27 15:37:24,163 INFO  [restartedMain] org.springframework.boot.web.servlet.context.ServletWebServerApplicationContext:Root WebApplicationContext: initialization completed in 2932 ms
2022-10-27 15:37:24,545 INFO  [restartedMain] org.hibernate.jpa.internal.util.LogHelper:HHH000204: Processing PersistenceUnitInfo [name: default]
2022-10-27 15:37:24,635 INFO  [restartedMain] org.hibernate.Version:HHH000412: Hibernate ORM core version 5.6.11.Final
2022-10-27 15:37:24,911 INFO  [restartedMain] org.hibernate.annotations.common.Version:HCANN000001: Hibernate Commons Annotations {5.1.2.Final}
2022-10-27 15:37:25,105 INFO  [restartedMain] com.zaxxer.hikari.HikariDataSource:HikariPool-1 - Starting...
2022-10-27 15:37:26,236 INFO  [restartedMain] com.zaxxer.hikari.HikariDataSource:HikariPool-1 - Start completed.
2022-10-27 15:37:26,298 INFO  [restartedMain] org.hibernate.dialect.Dialect:HHH000400: Using dialect: org.hibernate.dialect.PostgreSQL10Dialect
2022-10-27 15:37:27,868 INFO  [restartedMain] org.hibernate.engine.transaction.jta.platform.internal.JtaPlatformInitiator:HHH000490: Using JtaPlatform implementation: [org.hibernate.engine.transaction.jta.platform.internal.NoJtaPlatform]
2022-10-27 15:37:27,885 INFO  [restartedMain] org.springframework.orm.jpa.LocalContainerEntityManagerFactoryBean:Initialized JPA EntityManagerFactory for persistence unit 'default'
2022-10-27 15:37:28,761 WARN  [restartedMain] org.springframework.boot.autoconfigure.orm.jpa.JpaBaseConfiguration$JpaWebConfiguration:spring.jpa.open-in-view is enabled by default. Therefore, database queries may be performed during view rendering. Explicitly configure spring.jpa.open-in-view to disable this warning
2022-10-27 15:37:29,598 INFO  [restartedMain] org.springframework.boot.devtools.autoconfigure.OptionalLiveReloadServer:LiveReload server is running on port 35729
2022-10-27 15:37:29,607 INFO  [restartedMain] org.springframework.boot.actuate.endpoint.web.EndpointLinksResolver:Exposing 1 endpoint(s) beneath base path '/actuator'
2022-10-27 15:37:29,673 WARN  [restartedMain] org.springframework.boot.web.servlet.context.AnnotationConfigServletWebServerApplicationContext:Exception encountered during context initialization - cancelling refresh attempt: org.springframework.context.ApplicationContextException: Failed to start bean 'webServerStartStop'; nested exception is org.springframework.boot.web.server.PortInUseException: Port 8080 is already in use
2022-10-27 15:37:29,677 INFO  [restartedMain] org.springframework.orm.jpa.LocalContainerEntityManagerFactoryBean:Closing JPA EntityManagerFactory for persistence unit 'default'
2022-10-27 15:37:29,684 INFO  [restartedMain] com.zaxxer.hikari.HikariDataSource:HikariPool-1 - Shutdown initiated...
2022-10-27 15:37:29,696 INFO  [restartedMain] com.zaxxer.hikari.HikariDataSource:HikariPool-1 - Shutdown completed.
2022-10-27 15:37:29,700 INFO  [restartedMain] org.apache.catalina.core.StandardService:Stopping service [Tomcat]
2022-10-27 15:37:29,742 INFO  [restartedMain] org.springframework.boot.autoconfigure.logging.ConditionEvaluationReportLoggingListener:

Error starting ApplicationContext. To display the conditions report re-run your application with 'debug' enabled.
2022-10-27 15:37:29,779 ERROR [restartedMain] org.springframework.boot.diagnostics.LoggingFailureAnalysisReporter:

***************************
APPLICATION FAILED TO START
***************************

Description:

Web server failed to start. Port 8080 was already in use.

Action:

Identify and stop the process that's listening on port 8080 or configure this application to listen on another port.

2022-10-27 15:39:11,859 INFO  [restartedMain] com.neb.SpringbootStudyApplication:Starting SpringbootStudyApplication using Java 11.0.15 on DESKTOP-J87EGOD with PID 21696 (C:\Users\ilhan\OneDrive\Desktop\Spring\springboot-study\target\classes started by ilhan in C:\Users\ilhan\OneDrive\Desktop\Spring\springboot-study)
2022-10-27 15:39:11,860 DEBUG [restartedMain] com.neb.SpringbootStudyApplication:Running with Spring Boot v2.7.4, Spring v5.3.23
2022-10-27 15:39:11,861 INFO  [restartedMain] com.neb.SpringbootStudyApplication:No active profile set, falling back to 1 default profile: "default"
2022-10-27 15:39:11,935 INFO  [restartedMain] org.springframework.boot.devtools.env.DevToolsPropertyDefaultsPostProcessor:Devtools property defaults active! Set 'spring.devtools.add-properties' to 'false' to disable
2022-10-27 15:39:11,936 INFO  [restartedMain] org.springframework.boot.devtools.env.DevToolsPropertyDefaultsPostProcessor:For additional web related logging consider setting the 'logging.level.web' property to 'DEBUG'
2022-10-27 15:39:13,428 INFO  [restartedMain] org.springframework.data.repository.config.RepositoryConfigurationDelegate:Bootstrapping Spring Data JPA repositories in DEFAULT mode.
2022-10-27 15:39:13,549 INFO  [restartedMain] org.springframework.data.repository.config.RepositoryConfigurationDelegate:Finished Spring Data repository scanning in 104 ms. Found 1 JPA repository interfaces.
2022-10-27 15:39:14,278 INFO  [restartedMain] org.springframework.boot.web.embedded.tomcat.TomcatWebServer:Tomcat initialized with port(s): 8080 (http)
2022-10-27 15:39:14,295 INFO  [restartedMain] org.apache.catalina.core.StandardService:Starting service [Tomcat]
2022-10-27 15:39:14,295 INFO  [restartedMain] org.apache.catalina.core.StandardEngine:Starting Servlet engine: [Apache Tomcat/9.0.65]
2022-10-27 15:39:14,410 INFO  [restartedMain] org.apache.catalina.core.ContainerBase.[Tomcat].[localhost].[/]:Initializing Spring embedded WebApplicationContext
2022-10-27 15:39:14,410 INFO  [restartedMain] org.springframework.boot.web.servlet.context.ServletWebServerApplicationContext:Root WebApplicationContext: initialization completed in 2473 ms
2022-10-27 15:39:14,747 INFO  [restartedMain] org.hibernate.jpa.internal.util.LogHelper:HHH000204: Processing PersistenceUnitInfo [name: default]
2022-10-27 15:39:14,819 INFO  [restartedMain] org.hibernate.Version:HHH000412: Hibernate ORM core version 5.6.11.Final
2022-10-27 15:39:15,094 INFO  [restartedMain] org.hibernate.annotations.common.Version:HCANN000001: Hibernate Commons Annotations {5.1.2.Final}
2022-10-27 15:39:15,259 INFO  [restartedMain] com.zaxxer.hikari.HikariDataSource:HikariPool-1 - Starting...
2022-10-27 15:39:15,504 INFO  [restartedMain] com.zaxxer.hikari.HikariDataSource:HikariPool-1 - Start completed.
2022-10-27 15:39:15,554 INFO  [restartedMain] org.hibernate.dialect.Dialect:HHH000400: Using dialect: org.hibernate.dialect.PostgreSQL10Dialect
2022-10-27 15:39:16,684 INFO  [restartedMain] org.hibernate.engine.transaction.jta.platform.internal.JtaPlatformInitiator:HHH000490: Using JtaPlatform implementation: [org.hibernate.engine.transaction.jta.platform.internal.NoJtaPlatform]
2022-10-27 15:39:16,698 INFO  [restartedMain] org.springframework.orm.jpa.LocalContainerEntityManagerFactoryBean:Initialized JPA EntityManagerFactory for persistence unit 'default'
2022-10-27 15:39:17,380 WARN  [restartedMain] org.springframework.boot.autoconfigure.orm.jpa.JpaBaseConfiguration$JpaWebConfiguration:spring.jpa.open-in-view is enabled by default. Therefore, database queries may be performed during view rendering. Explicitly configure spring.jpa.open-in-view to disable this warning
2022-10-27 15:39:18,033 INFO  [restartedMain] org.springframework.boot.devtools.autoconfigure.OptionalLiveReloadServer:LiveReload server is running on port 35729
2022-10-27 15:39:18,054 INFO  [restartedMain] org.springframework.boot.actuate.endpoint.web.EndpointLinksResolver:Exposing 1 endpoint(s) beneath base path '/actuator'
2022-10-27 15:39:18,175 INFO  [restartedMain] org.springframework.boot.web.embedded.tomcat.TomcatWebServer:Tomcat started on port(s): 8080 (http) with context path ''
2022-10-27 15:39:18,197 INFO  [restartedMain] com.neb.SpringbootStudyApplication:Started SpringbootStudyApplication in 6.916 seconds (JVM running for 8.202)
2022-10-27 15:41:25,389 INFO  [http-nio-8080-exec-1] org.apache.catalina.core.ContainerBase.[Tomcat].[localhost].[/]:Initializing Spring DispatcherServlet 'dispatcherServlet'
2022-10-27 15:44:18,109 WARN  [http-nio-8080-exec-8] org.springframework.web.servlet.mvc.support.DefaultHandlerExceptionResolver:Resolved [org.springframework.web.bind.MissingServletRequestParameterException: Required request parameter 'sort' for method parameter type String is not present]
2022-10-27 15:44:41,514 WARN  [http-nio-8080-exec-10] org.springframework.web.servlet.mvc.support.DefaultHandlerExceptionResolver:Resolved [org.springframework.web.bind.MissingServletRequestParameterException: Required request parameter 'sort' for method parameter type String is not present]
2022-10-27 15:45:08,330 WARN  [http-nio-8080-exec-1] org.springframework.web.servlet.mvc.support.DefaultHandlerExceptionResolver:Resolved [org.springframework.web.bind.MissingServletRequestParameterException: Required request parameter 'sort' for method parameter type String is not present]
2022-10-27 15:48:06,886 WARN  [http-nio-8080-exec-4] org.springframework.web.servlet.mvc.support.DefaultHandlerExceptionResolver:Resolved [org.springframework.web.bind.MissingServletRequestParameterException: Required request parameter 'sort' for method parameter type String is not present]
2022-10-27 15:48:25,443 WARN  [http-nio-8080-exec-6] org.springframework.web.servlet.mvc.support.DefaultHandlerExceptionResolver:Resolved [org.springframework.web.bind.MissingServletRequestParameterException: Required request parameter 'sort' for method parameter type String is not present]
2022-10-27 15:53:31,191 INFO  [restartedMain] com.neb.SpringbootStudyApplication:Starting SpringbootStudyApplication using Java 11.0.15 on DESKTOP-J87EGOD with PID 23696 (C:\Users\ilhan\OneDrive\Desktop\Spring\springboot-study\target\classes started by ilhan in C:\Users\ilhan\OneDrive\Desktop\Spring\springboot-study)
2022-10-27 15:53:31,192 DEBUG [restartedMain] com.neb.SpringbootStudyApplication:Running with Spring Boot v2.7.4, Spring v5.3.23
2022-10-27 15:53:31,193 INFO  [restartedMain] com.neb.SpringbootStudyApplication:No active profile set, falling back to 1 default profile: "default"
2022-10-27 15:53:31,267 INFO  [restartedMain] org.springframework.boot.devtools.env.DevToolsPropertyDefaultsPostProcessor:Devtools property defaults active! Set 'spring.devtools.add-properties' to 'false' to disable
2022-10-27 15:53:31,267 INFO  [restartedMain] org.springframework.boot.devtools.env.DevToolsPropertyDefaultsPostProcessor:For additional web related logging consider setting the 'logging.level.web' property to 'DEBUG'
2022-10-27 15:53:32,545 INFO  [restartedMain] org.springframework.data.repository.config.RepositoryConfigurationDelegate:Bootstrapping Spring Data JPA repositories in DEFAULT mode.
2022-10-27 15:53:32,642 INFO  [restartedMain] org.springframework.data.repository.config.RepositoryConfigurationDelegate:Finished Spring Data repository scanning in 82 ms. Found 1 JPA repository interfaces.
2022-10-27 15:53:33,434 INFO  [restartedMain] org.springframework.boot.web.embedded.tomcat.TomcatWebServer:Tomcat initialized with port(s): 8080 (http)
2022-10-27 15:53:33,447 INFO  [restartedMain] org.apache.catalina.core.StandardService:Starting service [Tomcat]
2022-10-27 15:53:33,448 INFO  [restartedMain] org.apache.catalina.core.StandardEngine:Starting Servlet engine: [Apache Tomcat/9.0.65]
2022-10-27 15:53:33,553 INFO  [restartedMain] org.apache.catalina.core.ContainerBase.[Tomcat].[localhost].[/]:Initializing Spring embedded WebApplicationContext
2022-10-27 15:53:33,553 INFO  [restartedMain] org.springframework.boot.web.servlet.context.ServletWebServerApplicationContext:Root WebApplicationContext: initialization completed in 2285 ms
2022-10-27 15:53:33,870 INFO  [restartedMain] org.hibernate.jpa.internal.util.LogHelper:HHH000204: Processing PersistenceUnitInfo [name: default]
2022-10-27 15:53:33,952 INFO  [restartedMain] org.hibernate.Version:HHH000412: Hibernate ORM core version 5.6.11.Final
2022-10-27 15:53:34,174 INFO  [restartedMain] org.hibernate.annotations.common.Version:HCANN000001: Hibernate Commons Annotations {5.1.2.Final}
2022-10-27 15:53:34,311 INFO  [restartedMain] com.zaxxer.hikari.HikariDataSource:HikariPool-1 - Starting...
2022-10-27 15:53:34,549 INFO  [restartedMain] com.zaxxer.hikari.HikariDataSource:HikariPool-1 - Start completed.
2022-10-27 15:53:34,590 INFO  [restartedMain] org.hibernate.dialect.Dialect:HHH000400: Using dialect: org.hibernate.dialect.PostgreSQL10Dialect
2022-10-27 15:53:35,690 INFO  [restartedMain] org.hibernate.engine.transaction.jta.platform.internal.JtaPlatformInitiator:HHH000490: Using JtaPlatform implementation: [org.hibernate.engine.transaction.jta.platform.internal.NoJtaPlatform]
2022-10-27 15:53:35,704 INFO  [restartedMain] org.springframework.orm.jpa.LocalContainerEntityManagerFactoryBean:Initialized JPA EntityManagerFactory for persistence unit 'default'
2022-10-27 15:53:36,345 WARN  [restartedMain] org.springframework.boot.autoconfigure.orm.jpa.JpaBaseConfiguration$JpaWebConfiguration:spring.jpa.open-in-view is enabled by default. Therefore, database queries may be performed during view rendering. Explicitly configure spring.jpa.open-in-view to disable this warning
2022-10-27 15:53:36,897 WARN  [restartedMain] org.springframework.boot.devtools.autoconfigure.OptionalLiveReloadServer:Unable to start LiveReload server
2022-10-27 15:53:36,904 INFO  [restartedMain] org.springframework.boot.actuate.endpoint.web.EndpointLinksResolver:Exposing 1 endpoint(s) beneath base path '/actuator'
2022-10-27 15:53:36,940 WARN  [restartedMain] org.springframework.boot.web.servlet.context.AnnotationConfigServletWebServerApplicationContext:Exception encountered during context initialization - cancelling refresh attempt: org.springframework.context.ApplicationContextException: Failed to start bean 'webServerStartStop'; nested exception is org.springframework.boot.web.server.PortInUseException: Port 8080 is already in use
2022-10-27 15:53:36,944 INFO  [restartedMain] org.springframework.orm.jpa.LocalContainerEntityManagerFactoryBean:Closing JPA EntityManagerFactory for persistence unit 'default'
2022-10-27 15:53:36,949 INFO  [restartedMain] com.zaxxer.hikari.HikariDataSource:HikariPool-1 - Shutdown initiated...
2022-10-27 15:53:36,957 INFO  [restartedMain] com.zaxxer.hikari.HikariDataSource:HikariPool-1 - Shutdown completed.
2022-10-27 15:53:36,960 INFO  [restartedMain] org.apache.catalina.core.StandardService:Stopping service [Tomcat]
2022-10-27 15:53:36,987 INFO  [restartedMain] org.springframework.boot.autoconfigure.logging.ConditionEvaluationReportLoggingListener:

Error starting ApplicationContext. To display the conditions report re-run your application with 'debug' enabled.
2022-10-27 15:53:37,017 ERROR [restartedMain] org.springframework.boot.diagnostics.LoggingFailureAnalysisReporter:

***************************
APPLICATION FAILED TO START
***************************

Description:

Web server failed to start. Port 8080 was already in use.

Action:

Identify and stop the process that's listening on port 8080 or configure this application to listen on another port.

2022-10-27 15:55:51,111 INFO  [restartedMain] com.neb.SpringbootStudyApplication:Starting SpringbootStudyApplication using Java 11.0.15 on DESKTOP-J87EGOD with PID 18492 (C:\Users\ilhan\OneDrive\Desktop\Spring\springboot-study\target\classes started by ilhan in C:\Users\ilhan\OneDrive\Desktop\Spring\springboot-study)
2022-10-27 15:55:51,113 DEBUG [restartedMain] com.neb.SpringbootStudyApplication:Running with Spring Boot v2.7.4, Spring v5.3.23
2022-10-27 15:55:51,114 INFO  [restartedMain] com.neb.SpringbootStudyApplication:No active profile set, falling back to 1 default profile: "default"
2022-10-27 15:55:51,199 INFO  [restartedMain] org.springframework.boot.devtools.env.DevToolsPropertyDefaultsPostProcessor:Devtools property defaults active! Set 'spring.devtools.add-properties' to 'false' to disable
2022-10-27 15:55:51,200 INFO  [restartedMain] org.springframework.boot.devtools.env.DevToolsPropertyDefaultsPostProcessor:For additional web related logging consider setting the 'logging.level.web' property to 'DEBUG'
2022-10-27 15:55:52,453 INFO  [restartedMain] org.springframework.data.repository.config.RepositoryConfigurationDelegate:Bootstrapping Spring Data JPA repositories in DEFAULT mode.
2022-10-27 15:55:52,557 INFO  [restartedMain] org.springframework.data.repository.config.RepositoryConfigurationDelegate:Finished Spring Data repository scanning in 91 ms. Found 1 JPA repository interfaces.
2022-10-27 15:55:53,386 INFO  [restartedMain] org.springframework.boot.web.embedded.tomcat.TomcatWebServer:Tomcat initialized with port(s): 8080 (http)
2022-10-27 15:55:53,404 INFO  [restartedMain] org.apache.catalina.core.StandardService:Starting service [Tomcat]
2022-10-27 15:55:53,405 INFO  [restartedMain] org.apache.catalina.core.StandardEngine:Starting Servlet engine: [Apache Tomcat/9.0.65]
2022-10-27 15:55:53,519 INFO  [restartedMain] org.apache.catalina.core.ContainerBase.[Tomcat].[localhost].[/]:Initializing Spring embedded WebApplicationContext
2022-10-27 15:55:53,520 INFO  [restartedMain] org.springframework.boot.web.servlet.context.ServletWebServerApplicationContext:Root WebApplicationContext: initialization completed in 2319 ms
2022-10-27 15:55:53,854 INFO  [restartedMain] org.hibernate.jpa.internal.util.LogHelper:HHH000204: Processing PersistenceUnitInfo [name: default]
2022-10-27 15:55:53,924 INFO  [restartedMain] org.hibernate.Version:HHH000412: Hibernate ORM core version 5.6.11.Final
2022-10-27 15:55:54,191 INFO  [restartedMain] org.hibernate.annotations.common.Version:HCANN000001: Hibernate Commons Annotations {5.1.2.Final}
2022-10-27 15:55:54,370 INFO  [restartedMain] com.zaxxer.hikari.HikariDataSource:HikariPool-1 - Starting...
2022-10-27 15:55:54,609 INFO  [restartedMain] com.zaxxer.hikari.HikariDataSource:HikariPool-1 - Start completed.
2022-10-27 15:55:54,656 INFO  [restartedMain] org.hibernate.dialect.Dialect:HHH000400: Using dialect: org.hibernate.dialect.PostgreSQL10Dialect
2022-10-27 15:55:55,880 INFO  [restartedMain] org.hibernate.engine.transaction.jta.platform.internal.JtaPlatformInitiator:HHH000490: Using JtaPlatform implementation: [org.hibernate.engine.transaction.jta.platform.internal.NoJtaPlatform]
2022-10-27 15:55:55,893 INFO  [restartedMain] org.springframework.orm.jpa.LocalContainerEntityManagerFactoryBean:Initialized JPA EntityManagerFactory for persistence unit 'default'
2022-10-27 15:55:56,639 WARN  [restartedMain] org.springframework.boot.autoconfigure.orm.jpa.JpaBaseConfiguration$JpaWebConfiguration:spring.jpa.open-in-view is enabled by default. Therefore, database queries may be performed during view rendering. Explicitly configure spring.jpa.open-in-view to disable this warning
2022-10-27 15:55:57,384 INFO  [restartedMain] org.springframework.boot.devtools.autoconfigure.OptionalLiveReloadServer:LiveReload server is running on port 35729
2022-10-27 15:55:57,391 INFO  [restartedMain] org.springframework.boot.actuate.endpoint.web.EndpointLinksResolver:Exposing 1 endpoint(s) beneath base path '/actuator'
2022-10-27 15:55:57,454 INFO  [restartedMain] org.springframework.boot.web.embedded.tomcat.TomcatWebServer:Tomcat started on port(s): 8080 (http) with context path ''
2022-10-27 15:55:57,473 INFO  [restartedMain] com.neb.SpringbootStudyApplication:Started SpringbootStudyApplication in 6.937 seconds (JVM running for 8.123)
2022-10-27 15:56:34,147 INFO  [http-nio-8080-exec-2] org.apache.catalina.core.ContainerBase.[Tomcat].[localhost].[/]:Initializing Spring DispatcherServlet 'dispatcherServlet'
2022-10-27 15:56:34,210 WARN  [http-nio-8080-exec-2] org.springframework.web.servlet.mvc.support.DefaultHandlerExceptionResolver:Resolved [org.springframework.web.bind.MissingServletRequestParameterException: Required request parameter 'sort' for method parameter type String is not present]
2022-10-27 15:57:42,812 WARN  [http-nio-8080-exec-4] org.springframework.web.servlet.mvc.support.DefaultHandlerExceptionResolver:Resolved [org.springframework.web.bind.MissingServletRequestParameterException: Required request parameter 'sort' for method parameter type String is not present]
2022-10-27 15:57:45,523 WARN  [http-nio-8080-exec-6] org.springframework.web.servlet.mvc.support.DefaultHandlerExceptionResolver:Resolved [org.springframework.web.bind.MissingServletRequestParameterException: Required request parameter 'sort' for method parameter type String is not present]
2022-10-27 15:58:07,694 WARN  [http-nio-8080-exec-8] org.springframework.web.servlet.mvc.support.DefaultHandlerExceptionResolver:Resolved [org.springframework.web.bind.MissingServletRequestParameterException: Required request parameter 'sort' for method parameter type String is not present]
2022-10-27 16:04:27,431 WARN  [http-nio-8080-exec-10] org.springframework.web.servlet.mvc.support.DefaultHandlerExceptionResolver:Resolved [org.springframework.web.bind.MissingServletRequestParameterException: Required request parameter 'sort' for method parameter type String is not present]
2022-10-27 16:04:52,683 WARN  [http-nio-8080-exec-2] org.springframework.web.servlet.mvc.support.DefaultHandlerExceptionResolver:Resolved [org.springframework.web.bind.MissingServletRequestParameterException: Required request parameter 'sort' for method parameter type String is not present]
2022-10-27 16:06:50,198 INFO  [File Watcher] org.springframework.boot.devtools.autoconfigure.LocalDevToolsAutoConfiguration$RestartingClassPathChangeChangedEventListener:Restarting due to 1 class path change (0 additions, 0 deletions, 1 modification)
2022-10-27 16:06:50,375 INFO  [Thread-5] org.apache.catalina.core.StandardService:Stopping service [Tomcat]
2022-10-27 16:06:50,377 INFO  [Thread-5] org.apache.catalina.core.ContainerBase.[Tomcat].[localhost].[/]:Destroying Spring FrameworkServlet 'dispatcherServlet'
2022-10-27 16:06:50,391 INFO  [Thread-5] org.springframework.orm.jpa.LocalContainerEntityManagerFactoryBean:Closing JPA EntityManagerFactory for persistence unit 'default'
2022-10-27 16:06:50,397 INFO  [Thread-5] com.zaxxer.hikari.HikariDataSource:HikariPool-1 - Shutdown initiated...
2022-10-27 16:06:50,405 INFO  [Thread-5] com.zaxxer.hikari.HikariDataSource:HikariPool-1 - Shutdown completed.
2022-10-27 16:06:50,531 INFO  [restartedMain] com.neb.SpringbootStudyApplication:Starting SpringbootStudyApplication using Java 11.0.15 on DESKTOP-J87EGOD with PID 18492 (C:\Users\ilhan\OneDrive\Desktop\Spring\springboot-study\target\classes started by ilhan in C:\Users\ilhan\OneDrive\Desktop\Spring\springboot-study)
2022-10-27 16:06:50,531 DEBUG [restartedMain] com.neb.SpringbootStudyApplication:Running with Spring Boot v2.7.4, Spring v5.3.23
2022-10-27 16:06:50,532 INFO  [restartedMain] com.neb.SpringbootStudyApplication:No active profile set, falling back to 1 default profile: "default"
2022-10-27 16:06:50,956 INFO  [restartedMain] org.springframework.data.repository.config.RepositoryConfigurationDelegate:Bootstrapping Spring Data JPA repositories in DEFAULT mode.
2022-10-27 16:06:50,992 INFO  [restartedMain] org.springframework.data.repository.config.RepositoryConfigurationDelegate:Finished Spring Data repository scanning in 35 ms. Found 1 JPA repository interfaces.
2022-10-27 16:06:51,110 INFO  [restartedMain] org.springframework.boot.web.embedded.tomcat.TomcatWebServer:Tomcat initialized with port(s): 8080 (http)
2022-10-27 16:06:51,111 INFO  [restartedMain] org.apache.catalina.core.StandardService:Starting service [Tomcat]
2022-10-27 16:06:51,111 INFO  [restartedMain] org.apache.catalina.core.StandardEngine:Starting Servlet engine: [Apache Tomcat/9.0.65]
2022-10-27 16:06:51,146 INFO  [restartedMain] org.apache.catalina.core.ContainerBase.[Tomcat].[localhost].[/]:Initializing Spring embedded WebApplicationContext
2022-10-27 16:06:51,146 INFO  [restartedMain] org.springframework.boot.web.servlet.context.ServletWebServerApplicationContext:Root WebApplicationContext: initialization completed in 611 ms
2022-10-27 16:06:51,223 INFO  [restartedMain] org.hibernate.jpa.internal.util.LogHelper:HHH000204: Processing PersistenceUnitInfo [name: default]
2022-10-27 16:06:51,233 INFO  [restartedMain] com.zaxxer.hikari.HikariDataSource:HikariPool-2 - Starting...
2022-10-27 16:06:51,307 INFO  [restartedMain] com.zaxxer.hikari.HikariDataSource:HikariPool-2 - Start completed.
2022-10-27 16:06:51,307 INFO  [restartedMain] org.hibernate.dialect.Dialect:HHH000400: Using dialect: org.hibernate.dialect.PostgreSQL10Dialect
2022-10-27 16:06:51,456 INFO  [restartedMain] org.hibernate.engine.transaction.jta.platform.internal.JtaPlatformInitiator:HHH000490: Using JtaPlatform implementation: [org.hibernate.engine.transaction.jta.platform.internal.NoJtaPlatform]
2022-10-27 16:06:51,457 INFO  [restartedMain] org.springframework.orm.jpa.LocalContainerEntityManagerFactoryBean:Initialized JPA EntityManagerFactory for persistence unit 'default'
2022-10-27 16:06:51,470 WARN  [restartedMain] org.springframework.boot.web.servlet.context.AnnotationConfigServletWebServerApplicationContext:Exception encountered during context initialization - cancelling refresh attempt: org.springframework.beans.factory.BeanCreationException: Error creating bean with name 'studentController' defined in file [C:\Users\ilhan\OneDrive\Desktop\Spring\springboot-study\target\classes\com\neb\controller\StudentController.class]: Instantiation of bean failed; nested exception is org.springframework.beans.BeanInstantiationException: Failed to instantiate [com.neb.controller.StudentController]: Constructor threw exception; nested exception is java.lang.Error: Unresolved compilation problems: 
	Syntax error, insert "Identifier (" to complete ConstructorHeaderName
	Syntax error, insert ")" to complete ConstructorDeclaration
	Syntax error, insert ";" to complete ConstructorDeclaration
	Syntax error, insert "Identifier (" to complete ConstructorHeaderName
	Syntax error, insert ")" to complete ConstructorDeclaration
	Syntax error, insert ";" to complete ConstructorDeclaration

2022-10-27 16:06:51,470 INFO  [restartedMain] org.springframework.orm.jpa.LocalContainerEntityManagerFactoryBean:Closing JPA EntityManagerFactory for persistence unit 'default'
2022-10-27 16:06:51,471 INFO  [restartedMain] com.zaxxer.hikari.HikariDataSource:HikariPool-2 - Shutdown initiated...
2022-10-27 16:06:51,485 INFO  [restartedMain] com.zaxxer.hikari.HikariDataSource:HikariPool-2 - Shutdown completed.
2022-10-27 16:06:51,486 INFO  [restartedMain] org.apache.catalina.core.StandardService:Stopping service [Tomcat]
2022-10-27 16:06:51,500 INFO  [restartedMain] org.springframework.boot.autoconfigure.logging.ConditionEvaluationReportLoggingListener:

Error starting ApplicationContext. To display the conditions report re-run your application with 'debug' enabled.
2022-10-27 16:06:51,538 ERROR [restartedMain] org.springframework.boot.SpringApplication:Application run failed
org.springframework.beans.factory.BeanCreationException: Error creating bean with name 'studentController' defined in file [C:\Users\ilhan\OneDrive\Desktop\Spring\springboot-study\target\classes\com\neb\controller\StudentController.class]: Instantiation of bean failed; nested exception is org.springframework.beans.BeanInstantiationException: Failed to instantiate [com.neb.controller.StudentController]: Constructor threw exception; nested exception is java.lang.Error: Unresolved compilation problems: 
	Syntax error, insert "Identifier (" to complete ConstructorHeaderName
	Syntax error, insert ")" to complete ConstructorDeclaration
	Syntax error, insert ";" to complete ConstructorDeclaration
	Syntax error, insert "Identifier (" to complete ConstructorHeaderName
	Syntax error, insert ")" to complete ConstructorDeclaration
	Syntax error, insert ";" to complete ConstructorDeclaration

	at org.springframework.beans.factory.support.AbstractAutowireCapableBeanFactory.instantiateBean(AbstractAutowireCapableBeanFactory.java:1334) ~[spring-beans-5.3.23.jar:5.3.23]
	at org.springframework.beans.factory.support.AbstractAutowireCapableBeanFactory.createBeanInstance(AbstractAutowireCapableBeanFactory.java:1232) ~[spring-beans-5.3.23.jar:5.3.23]
	at org.springframework.beans.factory.support.AbstractAutowireCapableBeanFactory.doCreateBean(AbstractAutowireCapableBeanFactory.java:582) ~[spring-beans-5.3.23.jar:5.3.23]
	at org.springframework.beans.factory.support.AbstractAutowireCapableBeanFactory.createBean(AbstractAutowireCapableBeanFactory.java:542) ~[spring-beans-5.3.23.jar:5.3.23]
	at org.springframework.beans.factory.support.AbstractBeanFactory.lambda$doGetBean$0(AbstractBeanFactory.java:335) ~[spring-beans-5.3.23.jar:5.3.23]
	at org.springframework.beans.factory.support.DefaultSingletonBeanRegistry.getSingleton(DefaultSingletonBeanRegistry.java:234) ~[spring-beans-5.3.23.jar:5.3.23]
	at org.springframework.beans.factory.support.AbstractBeanFactory.doGetBean(AbstractBeanFactory.java:333) ~[spring-beans-5.3.23.jar:5.3.23]
	at org.springframework.beans.factory.support.AbstractBeanFactory.getBean(AbstractBeanFactory.java:208) ~[spring-beans-5.3.23.jar:5.3.23]
	at org.springframework.beans.factory.support.DefaultListableBeanFactory.preInstantiateSingletons(DefaultListableBeanFactory.java:955) ~[spring-beans-5.3.23.jar:5.3.23]
	at org.springframework.context.support.AbstractApplicationContext.finishBeanFactoryInitialization(AbstractApplicationContext.java:918) ~[spring-context-5.3.23.jar:5.3.23]
	at org.springframework.context.support.AbstractApplicationContext.refresh(AbstractApplicationContext.java:583) ~[spring-context-5.3.23.jar:5.3.23]
	at org.springframework.boot.web.servlet.context.ServletWebServerApplicationContext.refresh(ServletWebServerApplicationContext.java:147) ~[spring-boot-2.7.4.jar:2.7.4]
	at org.springframework.boot.SpringApplication.refresh(SpringApplication.java:734) ~[spring-boot-2.7.4.jar:2.7.4]
	at org.springframework.boot.SpringApplication.refreshContext(SpringApplication.java:408) ~[spring-boot-2.7.4.jar:2.7.4]
	at org.springframework.boot.SpringApplication.run(SpringApplication.java:308) ~[spring-boot-2.7.4.jar:2.7.4]
	at org.springframework.boot.SpringApplication.run(SpringApplication.java:1306) ~[spring-boot-2.7.4.jar:2.7.4]
	at org.springframework.boot.SpringApplication.run(SpringApplication.java:1295) ~[spring-boot-2.7.4.jar:2.7.4]
	at com.neb.SpringbootStudyApplication.main(SpringbootStudyApplication.java:10) ~[classes/:na]
	at java.base/jdk.internal.reflect.NativeMethodAccessorImpl.invoke0(Native Method) ~[na:na]
	at java.base/jdk.internal.reflect.NativeMethodAccessorImpl.invoke(NativeMethodAccessorImpl.java:62) ~[na:na]
	at java.base/jdk.internal.reflect.DelegatingMethodAccessorImpl.invoke(DelegatingMethodAccessorImpl.java:43) ~[na:na]
	at java.base/java.lang.reflect.Method.invoke(Method.java:566) ~[na:na]
	at org.springframework.boot.devtools.restart.RestartLauncher.run(RestartLauncher.java:49) ~[spring-boot-devtools-2.7.4.jar:2.7.4]
Caused by: org.springframework.beans.BeanInstantiationException: Failed to instantiate [com.neb.controller.StudentController]: Constructor threw exception; nested exception is java.lang.Error: Unresolved compilation problems: 
	Syntax error, insert "Identifier (" to complete ConstructorHeaderName
	Syntax error, insert ")" to complete ConstructorDeclaration
	Syntax error, insert ";" to complete ConstructorDeclaration
	Syntax error, insert "Identifier (" to complete ConstructorHeaderName
	Syntax error, insert ")" to complete ConstructorDeclaration
	Syntax error, insert ";" to complete ConstructorDeclaration

	at org.springframework.beans.BeanUtils.instantiateClass(BeanUtils.java:224) ~[spring-beans-5.3.23.jar:5.3.23]
	at org.springframework.beans.factory.support.SimpleInstantiationStrategy.instantiate(SimpleInstantiationStrategy.java:87) ~[spring-beans-5.3.23.jar:5.3.23]
	at org.springframework.beans.factory.support.AbstractAutowireCapableBeanFactory.instantiateBean(AbstractAutowireCapableBeanFactory.java:1326) ~[spring-beans-5.3.23.jar:5.3.23]
	... 22 common frames omitted
Caused by: java.lang.Error: Unresolved compilation problems: 
	Syntax error, insert "Identifier (" to complete ConstructorHeaderName
	Syntax error, insert ")" to complete ConstructorDeclaration
	Syntax error, insert ";" to complete ConstructorDeclaration
	Syntax error, insert "Identifier (" to complete ConstructorHeaderName
	Syntax error, insert ")" to complete ConstructorDeclaration
	Syntax error, insert ";" to complete ConstructorDeclaration

	at com.neb.controller.StudentController.<init>(StudentController.java:41) ~[classes/:na]
	at java.base/jdk.internal.reflect.NativeConstructorAccessorImpl.newInstance0(Native Method) ~[na:na]
	at java.base/jdk.internal.reflect.NativeConstructorAccessorImpl.newInstance(NativeConstructorAccessorImpl.java:62) ~[na:na]
	at java.base/jdk.internal.reflect.DelegatingConstructorAccessorImpl.newInstance(DelegatingConstructorAccessorImpl.java:45) ~[na:na]
	at java.base/java.lang.reflect.Constructor.newInstance(Constructor.java:490) ~[na:na]
	at org.springframework.beans.BeanUtils.instantiateClass(BeanUtils.java:211) ~[spring-beans-5.3.23.jar:5.3.23]
	... 24 common frames omitted
2022-10-27 16:07:45,786 INFO  [restartedMain] com.neb.SpringbootStudyApplication:Starting SpringbootStudyApplication using Java 11.0.15 on DESKTOP-J87EGOD with PID 18492 (C:\Users\ilhan\OneDrive\Desktop\Spring\springboot-study\target\classes started by ilhan in C:\Users\ilhan\OneDrive\Desktop\Spring\springboot-study)
2022-10-27 16:07:45,786 DEBUG [restartedMain] com.neb.SpringbootStudyApplication:Running with Spring Boot v2.7.4, Spring v5.3.23
2022-10-27 16:07:45,786 INFO  [restartedMain] com.neb.SpringbootStudyApplication:No active profile set, falling back to 1 default profile: "default"
2022-10-27 16:07:46,260 INFO  [restartedMain] org.springframework.data.repository.config.RepositoryConfigurationDelegate:Bootstrapping Spring Data JPA repositories in DEFAULT mode.
2022-10-27 16:07:46,309 INFO  [restartedMain] org.springframework.data.repository.config.RepositoryConfigurationDelegate:Finished Spring Data repository scanning in 47 ms. Found 1 JPA repository interfaces.
2022-10-27 16:07:46,498 INFO  [restartedMain] org.springframework.boot.web.embedded.tomcat.TomcatWebServer:Tomcat initialized with port(s): 8080 (http)
2022-10-27 16:07:46,499 INFO  [restartedMain] org.apache.catalina.core.StandardService:Starting service [Tomcat]
2022-10-27 16:07:46,500 INFO  [restartedMain] org.apache.catalina.core.StandardEngine:Starting Servlet engine: [Apache Tomcat/9.0.65]
2022-10-27 16:07:46,551 INFO  [restartedMain] org.apache.catalina.core.ContainerBase.[Tomcat-1].[localhost].[/]:Initializing Spring embedded WebApplicationContext
2022-10-27 16:07:46,552 INFO  [restartedMain] org.springframework.boot.web.servlet.context.ServletWebServerApplicationContext:Root WebApplicationContext: initialization completed in 762 ms
2022-10-27 16:07:46,694 INFO  [restartedMain] org.hibernate.jpa.internal.util.LogHelper:HHH000204: Processing PersistenceUnitInfo [name: default]
2022-10-27 16:07:46,705 INFO  [restartedMain] com.zaxxer.hikari.HikariDataSource:HikariPool-3 - Starting...
2022-10-27 16:07:46,803 INFO  [restartedMain] com.zaxxer.hikari.HikariDataSource:HikariPool-3 - Start completed.
2022-10-27 16:07:46,804 INFO  [restartedMain] org.hibernate.dialect.Dialect:HHH000400: Using dialect: org.hibernate.dialect.PostgreSQL10Dialect
2022-10-27 16:07:46,969 INFO  [restartedMain] org.hibernate.engine.transaction.jta.platform.internal.JtaPlatformInitiator:HHH000490: Using JtaPlatform implementation: [org.hibernate.engine.transaction.jta.platform.internal.NoJtaPlatform]
2022-10-27 16:07:46,969 INFO  [restartedMain] org.springframework.orm.jpa.LocalContainerEntityManagerFactoryBean:Initialized JPA EntityManagerFactory for persistence unit 'default'
2022-10-27 16:07:47,165 WARN  [restartedMain] org.springframework.boot.autoconfigure.orm.jpa.JpaBaseConfiguration$JpaWebConfiguration:spring.jpa.open-in-view is enabled by default. Therefore, database queries may be performed during view rendering. Explicitly configure spring.jpa.open-in-view to disable this warning
2022-10-27 16:07:47,488 INFO  [restartedMain] org.springframework.boot.devtools.autoconfigure.OptionalLiveReloadServer:LiveReload server is running on port 35729
2022-10-27 16:07:47,498 INFO  [restartedMain] org.springframework.boot.actuate.endpoint.web.EndpointLinksResolver:Exposing 1 endpoint(s) beneath base path '/actuator'
2022-10-27 16:07:47,563 INFO  [restartedMain] org.springframework.boot.web.embedded.tomcat.TomcatWebServer:Tomcat started on port(s): 8080 (http) with context path ''
2022-10-27 16:07:47,588 INFO  [restartedMain] com.neb.SpringbootStudyApplication:Started SpringbootStudyApplication in 1.845 seconds (JVM running for 718.237)
2022-10-27 16:07:47,597 INFO  [restartedMain] org.springframework.boot.devtools.autoconfigure.ConditionEvaluationDeltaLoggingListener:Condition evaluation unchanged
2022-10-27 16:07:59,104 INFO  [http-nio-8080-exec-6] org.apache.catalina.core.ContainerBase.[Tomcat-1].[localhost].[/]:Initializing Spring DispatcherServlet 'dispatcherServlet'
2022-10-27 16:07:59,113 WARN  [http-nio-8080-exec-6] org.springframework.web.servlet.mvc.support.DefaultHandlerExceptionResolver:Resolved [org.springframework.web.method.annotation.MethodArgumentTypeMismatchException: Failed to convert value of type 'java.lang.String' to required type 'org.springframework.data.domain.Sort$Direction'; nested exception is org.springframework.core.convert.ConversionFailedException: Failed to convert from type [java.lang.String] to type [@org.springframework.web.bind.annotation.RequestParam org.springframework.data.domain.Sort$Direction] for value '"DESC"'; nested exception is java.lang.IllegalArgumentException: No enum constant org.springframework.data.domain.Sort.Direction."DESC"]
2022-10-27 16:08:57,394 ERROR [http-nio-8080-exec-7] org.apache.catalina.core.ContainerBase.[Tomcat-1].[localhost].[/].[dispatcherServlet]:Servlet.service() for servlet [dispatcherServlet] in context with path [] threw exception [Request processing failed; nested exception is java.lang.IllegalArgumentException: Property must not be null or empty] with root cause
java.lang.IllegalArgumentException: Property must not be null or empty
	at org.springframework.data.domain.Sort$Order.<init>(Sort.java:458) ~[spring-data-commons-2.7.3.jar:2.7.3]
	at org.springframework.data.domain.Sort$Order.<init>(Sort.java:397) ~[spring-data-commons-2.7.3.jar:2.7.3]
	at org.springframework.data.domain.Sort.lambda$by$1(Sort.java:131) ~[spring-data-commons-2.7.3.jar:2.7.3]
	at java.base/java.util.stream.ReferencePipeline$3$1.accept(ReferencePipeline.java:195) ~[na:na]
	at java.base/java.util.Spliterators$ArraySpliterator.forEachRemaining(Spliterators.java:948) ~[na:na]
	at java.base/java.util.stream.AbstractPipeline.copyInto(AbstractPipeline.java:484) ~[na:na]
	at java.base/java.util.stream.AbstractPipeline.wrapAndCopyInto(AbstractPipeline.java:474) ~[na:na]
	at java.base/java.util.stream.ReduceOps$ReduceOp.evaluateSequential(ReduceOps.java:913) ~[na:na]
	at java.base/java.util.stream.AbstractPipeline.evaluate(AbstractPipeline.java:234) ~[na:na]
	at java.base/java.util.stream.ReferencePipeline.collect(ReferencePipeline.java:578) ~[na:na]
	at org.springframework.data.domain.Sort.by(Sort.java:132) ~[spring-data-commons-2.7.3.jar:2.7.3]
	at com.neb.controller.StudentController.getStudentBookDTOPage(StudentController.java:171) ~[classes/:na]
	at java.base/jdk.internal.reflect.NativeMethodAccessorImpl.invoke0(Native Method) ~[na:na]
	at java.base/jdk.internal.reflect.NativeMethodAccessorImpl.invoke(NativeMethodAccessorImpl.java:62) ~[na:na]
	at java.base/jdk.internal.reflect.DelegatingMethodAccessorImpl.invoke(DelegatingMethodAccessorImpl.java:43) ~[na:na]
	at java.base/java.lang.reflect.Method.invoke(Method.java:566) ~[na:na]
	at org.springframework.web.method.support.InvocableHandlerMethod.doInvoke(InvocableHandlerMethod.java:205) ~[spring-web-5.3.23.jar:5.3.23]
	at org.springframework.web.method.support.InvocableHandlerMethod.invokeForRequest(InvocableHandlerMethod.java:150) ~[spring-web-5.3.23.jar:5.3.23]
	at org.springframework.web.servlet.mvc.method.annotation.ServletInvocableHandlerMethod.invokeAndHandle(ServletInvocableHandlerMethod.java:117) ~[spring-webmvc-5.3.23.jar:5.3.23]
	at org.springframework.web.servlet.mvc.method.annotation.RequestMappingHandlerAdapter.invokeHandlerMethod(RequestMappingHandlerAdapter.java:895) ~[spring-webmvc-5.3.23.jar:5.3.23]
	at org.springframework.web.servlet.mvc.method.annotation.RequestMappingHandlerAdapter.handleInternal(RequestMappingHandlerAdapter.java:808) ~[spring-webmvc-5.3.23.jar:5.3.23]
	at org.springframework.web.servlet.mvc.method.AbstractHandlerMethodAdapter.handle(AbstractHandlerMethodAdapter.java:87) ~[spring-webmvc-5.3.23.jar:5.3.23]
	at org.springframework.web.servlet.DispatcherServlet.doDispatch(DispatcherServlet.java:1071) ~[spring-webmvc-5.3.23.jar:5.3.23]
	at org.springframework.web.servlet.DispatcherServlet.doService(DispatcherServlet.java:964) ~[spring-webmvc-5.3.23.jar:5.3.23]
	at org.springframework.web.servlet.FrameworkServlet.processRequest(FrameworkServlet.java:1006) ~[spring-webmvc-5.3.23.jar:5.3.23]
	at org.springframework.web.servlet.FrameworkServlet.doGet(FrameworkServlet.java:898) ~[spring-webmvc-5.3.23.jar:5.3.23]
	at javax.servlet.http.HttpServlet.service(HttpServlet.java:655) ~[tomcat-embed-core-9.0.65.jar:4.0.FR]
	at org.springframework.web.servlet.FrameworkServlet.service(FrameworkServlet.java:883) ~[spring-webmvc-5.3.23.jar:5.3.23]
	at javax.servlet.http.HttpServlet.service(HttpServlet.java:764) ~[tomcat-embed-core-9.0.65.jar:4.0.FR]
	at org.apache.catalina.core.ApplicationFilterChain.internalDoFilter(ApplicationFilterChain.java:227) ~[tomcat-embed-core-9.0.65.jar:9.0.65]
	at org.apache.catalina.core.ApplicationFilterChain.doFilter(ApplicationFilterChain.java:162) ~[tomcat-embed-core-9.0.65.jar:9.0.65]
	at org.apache.tomcat.websocket.server.WsFilter.doFilter(WsFilter.java:53) ~[tomcat-embed-websocket-9.0.65.jar:9.0.65]
	at org.apache.catalina.core.ApplicationFilterChain.internalDoFilter(ApplicationFilterChain.java:189) ~[tomcat-embed-core-9.0.65.jar:9.0.65]
	at org.apache.catalina.core.ApplicationFilterChain.doFilter(ApplicationFilterChain.java:162) ~[tomcat-embed-core-9.0.65.jar:9.0.65]
	at org.springframework.web.filter.RequestContextFilter.doFilterInternal(RequestContextFilter.java:100) ~[spring-web-5.3.23.jar:5.3.23]
	at org.springframework.web.filter.OncePerRequestFilter.doFilter(OncePerRequestFilter.java:117) ~[spring-web-5.3.23.jar:5.3.23]
	at org.apache.catalina.core.ApplicationFilterChain.internalDoFilter(ApplicationFilterChain.java:189) ~[tomcat-embed-core-9.0.65.jar:9.0.65]
	at org.apache.catalina.core.ApplicationFilterChain.doFilter(ApplicationFilterChain.java:162) ~[tomcat-embed-core-9.0.65.jar:9.0.65]
	at org.springframework.web.filter.FormContentFilter.doFilterInternal(FormContentFilter.java:93) ~[spring-web-5.3.23.jar:5.3.23]
	at org.springframework.web.filter.OncePerRequestFilter.doFilter(OncePerRequestFilter.java:117) ~[spring-web-5.3.23.jar:5.3.23]
	at org.apache.catalina.core.ApplicationFilterChain.internalDoFilter(ApplicationFilterChain.java:189) ~[tomcat-embed-core-9.0.65.jar:9.0.65]
	at org.apache.catalina.core.ApplicationFilterChain.doFilter(ApplicationFilterChain.java:162) ~[tomcat-embed-core-9.0.65.jar:9.0.65]
	at org.springframework.boot.actuate.metrics.web.servlet.WebMvcMetricsFilter.doFilterInternal(WebMvcMetricsFilter.java:96) ~[spring-boot-actuator-2.7.4.jar:2.7.4]
	at org.springframework.web.filter.OncePerRequestFilter.doFilter(OncePerRequestFilter.java:117) ~[spring-web-5.3.23.jar:5.3.23]
	at org.apache.catalina.core.ApplicationFilterChain.internalDoFilter(ApplicationFilterChain.java:189) ~[tomcat-embed-core-9.0.65.jar:9.0.65]
	at org.apache.catalina.core.ApplicationFilterChain.doFilter(ApplicationFilterChain.java:162) ~[tomcat-embed-core-9.0.65.jar:9.0.65]
	at org.springframework.web.filter.CharacterEncodingFilter.doFilterInternal(CharacterEncodingFilter.java:201) ~[spring-web-5.3.23.jar:5.3.23]
	at org.springframework.web.filter.OncePerRequestFilter.doFilter(OncePerRequestFilter.java:117) ~[spring-web-5.3.23.jar:5.3.23]
	at org.apache.catalina.core.ApplicationFilterChain.internalDoFilter(ApplicationFilterChain.java:189) ~[tomcat-embed-core-9.0.65.jar:9.0.65]
	at org.apache.catalina.core.ApplicationFilterChain.doFilter(ApplicationFilterChain.java:162) ~[tomcat-embed-core-9.0.65.jar:9.0.65]
	at org.apache.catalina.core.StandardWrapperValve.invoke(StandardWrapperValve.java:197) ~[tomcat-embed-core-9.0.65.jar:9.0.65]
	at org.apache.catalina.core.StandardContextValve.invoke(StandardContextValve.java:97) ~[tomcat-embed-core-9.0.65.jar:9.0.65]
	at org.apache.catalina.authenticator.AuthenticatorBase.invoke(AuthenticatorBase.java:541) ~[tomcat-embed-core-9.0.65.jar:9.0.65]
	at org.apache.catalina.core.StandardHostValve.invoke(StandardHostValve.java:135) ~[tomcat-embed-core-9.0.65.jar:9.0.65]
	at org.apache.catalina.valves.ErrorReportValve.invoke(ErrorReportValve.java:92) ~[tomcat-embed-core-9.0.65.jar:9.0.65]
	at org.apache.catalina.core.StandardEngineValve.invoke(StandardEngineValve.java:78) ~[tomcat-embed-core-9.0.65.jar:9.0.65]
	at org.apache.catalina.connector.CoyoteAdapter.service(CoyoteAdapter.java:360) ~[tomcat-embed-core-9.0.65.jar:9.0.65]
	at org.apache.coyote.http11.Http11Processor.service(Http11Processor.java:399) ~[tomcat-embed-core-9.0.65.jar:9.0.65]
	at org.apache.coyote.AbstractProcessorLight.process(AbstractProcessorLight.java:65) ~[tomcat-embed-core-9.0.65.jar:9.0.65]
	at org.apache.coyote.AbstractProtocol$ConnectionHandler.process(AbstractProtocol.java:890) ~[tomcat-embed-core-9.0.65.jar:9.0.65]
	at org.apache.tomcat.util.net.NioEndpoint$SocketProcessor.doRun(NioEndpoint.java:1789) ~[tomcat-embed-core-9.0.65.jar:9.0.65]
	at org.apache.tomcat.util.net.SocketProcessorBase.run(SocketProcessorBase.java:49) ~[tomcat-embed-core-9.0.65.jar:9.0.65]
	at org.apache.tomcat.util.threads.ThreadPoolExecutor.runWorker(ThreadPoolExecutor.java:1191) ~[tomcat-embed-core-9.0.65.jar:9.0.65]
	at org.apache.tomcat.util.threads.ThreadPoolExecutor$Worker.run(ThreadPoolExecutor.java:659) ~[tomcat-embed-core-9.0.65.jar:9.0.65]
	at org.apache.tomcat.util.threads.TaskThread$WrappingRunnable.run(TaskThread.java:61) ~[tomcat-embed-core-9.0.65.jar:9.0.65]
	at java.base/java.lang.Thread.run(Thread.java:834) ~[na:na]
2022-10-27 16:10:13,898 INFO  [File Watcher] org.springframework.boot.devtools.autoconfigure.LocalDevToolsAutoConfiguration$RestartingClassPathChangeChangedEventListener:Restarting due to 1 class path change (0 additions, 0 deletions, 1 modification)
2022-10-27 16:10:14,083 INFO  [Thread-7] org.apache.catalina.core.StandardService:Stopping service [Tomcat]
2022-10-27 16:10:14,085 INFO  [Thread-7] org.apache.catalina.core.ContainerBase.[Tomcat-1].[localhost].[/]:Destroying Spring FrameworkServlet 'dispatcherServlet'
2022-10-27 16:10:14,093 INFO  [Thread-7] org.springframework.orm.jpa.LocalContainerEntityManagerFactoryBean:Closing JPA EntityManagerFactory for persistence unit 'default'
2022-10-27 16:10:14,095 INFO  [Thread-7] com.zaxxer.hikari.HikariDataSource:HikariPool-3 - Shutdown initiated...
2022-10-27 16:10:14,101 INFO  [Thread-7] com.zaxxer.hikari.HikariDataSource:HikariPool-3 - Shutdown completed.
2022-10-27 16:10:14,214 INFO  [restartedMain] com.neb.SpringbootStudyApplication:Starting SpringbootStudyApplication using Java 11.0.15 on DESKTOP-J87EGOD with PID 18492 (C:\Users\ilhan\OneDrive\Desktop\Spring\springboot-study\target\classes started by ilhan in C:\Users\ilhan\OneDrive\Desktop\Spring\springboot-study)
2022-10-27 16:10:14,214 DEBUG [restartedMain] com.neb.SpringbootStudyApplication:Running with Spring Boot v2.7.4, Spring v5.3.23
2022-10-27 16:10:14,214 INFO  [restartedMain] com.neb.SpringbootStudyApplication:No active profile set, falling back to 1 default profile: "default"
2022-10-27 16:10:14,649 INFO  [restartedMain] org.springframework.data.repository.config.RepositoryConfigurationDelegate:Bootstrapping Spring Data JPA repositories in DEFAULT mode.
2022-10-27 16:10:14,684 INFO  [restartedMain] org.springframework.data.repository.config.RepositoryConfigurationDelegate:Finished Spring Data repository scanning in 34 ms. Found 1 JPA repository interfaces.
2022-10-27 16:10:14,792 INFO  [restartedMain] org.springframework.boot.web.embedded.tomcat.TomcatWebServer:Tomcat initialized with port(s): 8080 (http)
2022-10-27 16:10:14,793 INFO  [restartedMain] org.apache.catalina.core.StandardService:Starting service [Tomcat]
2022-10-27 16:10:14,793 INFO  [restartedMain] org.apache.catalina.core.StandardEngine:Starting Servlet engine: [Apache Tomcat/9.0.65]
2022-10-27 16:10:14,823 INFO  [restartedMain] org.apache.catalina.core.ContainerBase.[Tomcat-1].[localhost].[/]:Initializing Spring embedded WebApplicationContext
2022-10-27 16:10:14,824 INFO  [restartedMain] org.springframework.boot.web.servlet.context.ServletWebServerApplicationContext:Root WebApplicationContext: initialization completed in 607 ms
2022-10-27 16:10:14,919 INFO  [restartedMain] org.hibernate.jpa.internal.util.LogHelper:HHH000204: Processing PersistenceUnitInfo [name: default]
2022-10-27 16:10:14,934 INFO  [restartedMain] com.zaxxer.hikari.HikariDataSource:HikariPool-4 - Starting...
2022-10-27 16:10:15,022 INFO  [restartedMain] com.zaxxer.hikari.HikariDataSource:HikariPool-4 - Start completed.
2022-10-27 16:10:15,023 INFO  [restartedMain] org.hibernate.dialect.Dialect:HHH000400: Using dialect: org.hibernate.dialect.PostgreSQL10Dialect
2022-10-27 16:10:15,164 INFO  [restartedMain] org.hibernate.engine.transaction.jta.platform.internal.JtaPlatformInitiator:HHH000490: Using JtaPlatform implementation: [org.hibernate.engine.transaction.jta.platform.internal.NoJtaPlatform]
2022-10-27 16:10:15,165 INFO  [restartedMain] org.springframework.orm.jpa.LocalContainerEntityManagerFactoryBean:Initialized JPA EntityManagerFactory for persistence unit 'default'
2022-10-27 16:10:15,321 WARN  [restartedMain] org.springframework.boot.autoconfigure.orm.jpa.JpaBaseConfiguration$JpaWebConfiguration:spring.jpa.open-in-view is enabled by default. Therefore, database queries may be performed during view rendering. Explicitly configure spring.jpa.open-in-view to disable this warning
2022-10-27 16:10:15,532 INFO  [restartedMain] org.springframework.boot.devtools.autoconfigure.OptionalLiveReloadServer:LiveReload server is running on port 35729
2022-10-27 16:10:15,535 INFO  [restartedMain] org.springframework.boot.actuate.endpoint.web.EndpointLinksResolver:Exposing 1 endpoint(s) beneath base path '/actuator'
2022-10-27 16:10:15,556 INFO  [restartedMain] org.springframework.boot.web.embedded.tomcat.TomcatWebServer:Tomcat started on port(s): 8080 (http) with context path ''
2022-10-27 16:10:15,575 INFO  [restartedMain] com.neb.SpringbootStudyApplication:Started SpringbootStudyApplication in 1.405 seconds (JVM running for 866.225)
2022-10-27 16:10:15,579 INFO  [restartedMain] org.springframework.boot.devtools.autoconfigure.ConditionEvaluationDeltaLoggingListener:Condition evaluation unchanged
2022-10-27 16:10:20,078 INFO  [http-nio-8080-exec-2] org.apache.catalina.core.ContainerBase.[Tomcat-1].[localhost].[/]:Initializing Spring DispatcherServlet 'dispatcherServlet'
